This is pdfTeX, Version 3.141592653-2.6-1.40.22 (TeX Live 2022/dev/Debian) (preloaded format=pdflatex 2024.1.13)  14 JAN 2024 09:47
entering extended mode
 restricted \write18 enabled.
 %&-line parsing enabled.
**lecture1
(./lecture1.tex
LaTeX2e <2021-11-15> patch level 1
L3 programming layer <2022-01-21>
(/usr/share/texlive/texmf-dist/tex/latex/beamer/beamer.cls
Document Class: beamer 2022/01/21 v3.65 A class for typesetting presentations
(/usr/share/texlive/texmf-dist/tex/latex/beamer/beamerbasemodes.sty
(/usr/share/texlive/texmf-dist/tex/latex/etoolbox/etoolbox.sty
Package: etoolbox 2020/10/05 v2.5k e-TeX tools for LaTeX (JAW)
\etb@tempcnta=\count185
)
\beamer@tempbox=\box50
\beamer@tempcount=\count186
\c@beamerpauses=\count187

(/usr/share/texlive/texmf-dist/tex/latex/beamer/beamerbasedecode.sty
\beamer@slideinframe=\count188
\beamer@minimum=\count189
\beamer@decode@box=\box51
)
\beamer@commentbox=\box52
\beamer@modecount=\count190
)
(/usr/share/texlive/texmf-dist/tex/generic/iftex/ifpdf.sty
Package: ifpdf 2019/10/25 v3.4 ifpdf legacy package. Use iftex instead.

(/usr/share/texlive/texmf-dist/tex/generic/iftex/iftex.sty
Package: iftex 2020/03/06 v1.0d TeX engine tests
))
\headdp=\dimen138
\footheight=\dimen139
\sidebarheight=\dimen140
\beamer@tempdim=\dimen141
\beamer@finalheight=\dimen142
\beamer@animht=\dimen143
\beamer@animdp=\dimen144
\beamer@animwd=\dimen145
\beamer@leftmargin=\dimen146
\beamer@rightmargin=\dimen147
\beamer@leftsidebar=\dimen148
\beamer@rightsidebar=\dimen149
\beamer@boxsize=\dimen150
\beamer@vboxoffset=\dimen151
\beamer@descdefault=\dimen152
\beamer@descriptionwidth=\dimen153
\beamer@lastskip=\skip47
\beamer@areabox=\box53
\beamer@animcurrent=\box54
\beamer@animshowbox=\box55
\beamer@sectionbox=\box56
\beamer@logobox=\box57
\beamer@linebox=\box58
\beamer@sectioncount=\count191
\beamer@subsubsectionmax=\count192
\beamer@subsectionmax=\count193
\beamer@sectionmax=\count194
\beamer@totalheads=\count195
\beamer@headcounter=\count196
\beamer@partstartpage=\count197
\beamer@sectionstartpage=\count198
\beamer@subsectionstartpage=\count199
\beamer@animationtempa=\count266
\beamer@animationtempb=\count267
\beamer@xpos=\count268
\beamer@ypos=\count269
\beamer@ypos@offset=\count270
\beamer@showpartnumber=\count271
\beamer@currentsubsection=\count272
\beamer@coveringdepth=\count273
\beamer@sectionadjust=\count274
\beamer@toclastsection=\count275
\beamer@tocsectionnumber=\count276

(/usr/share/texlive/texmf-dist/tex/latex/beamer/beamerbaseoptions.sty
(/usr/share/texlive/texmf-dist/tex/latex/graphics/keyval.sty
Package: keyval 2014/10/28 v1.15 key=value parser (DPC)
\KV@toks@=\toks16
))
\beamer@paperwidth=\skip48
\beamer@paperheight=\skip49

(/usr/share/texlive/texmf-dist/tex/latex/geometry/geometry.sty
Package: geometry 2020/01/02 v5.9 Page Geometry

(/usr/share/texlive/texmf-dist/tex/generic/iftex/ifvtex.sty
Package: ifvtex 2019/10/25 v1.7 ifvtex legacy package. Use iftex instead.
)
\Gm@cnth=\count277
\Gm@cntv=\count278
\c@Gm@tempcnt=\count279
\Gm@bindingoffset=\dimen154
\Gm@wd@mp=\dimen155
\Gm@odd@mp=\dimen156
\Gm@even@mp=\dimen157
\Gm@layoutwidth=\dimen158
\Gm@layoutheight=\dimen159
\Gm@layouthoffset=\dimen160
\Gm@layoutvoffset=\dimen161
\Gm@dimlist=\toks17
)
(/usr/share/texlive/texmf-dist/tex/latex/pgf/basiclayer/pgfcore.sty
(/usr/share/texlive/texmf-dist/tex/latex/graphics/graphicx.sty
Package: graphicx 2021/09/16 v1.2d Enhanced LaTeX Graphics (DPC,SPQR)

(/usr/share/texlive/texmf-dist/tex/latex/graphics/graphics.sty
Package: graphics 2021/03/04 v1.4d Standard LaTeX Graphics (DPC,SPQR)

(/usr/share/texlive/texmf-dist/tex/latex/graphics/trig.sty
Package: trig 2021/08/11 v1.11 sin cos tan (DPC)
)
(/usr/share/texlive/texmf-dist/tex/latex/graphics-cfg/graphics.cfg
File: graphics.cfg 2016/06/04 v1.11 sample graphics configuration
)
Package graphics Info: Driver file: pdftex.def on input line 107.

(/usr/share/texlive/texmf-dist/tex/latex/graphics-def/pdftex.def
File: pdftex.def 2020/10/05 v1.2a Graphics/color driver for pdftex
))
\Gin@req@height=\dimen162
\Gin@req@width=\dimen163
)
(/usr/share/texlive/texmf-dist/tex/latex/pgf/systemlayer/pgfsys.sty
(/usr/share/texlive/texmf-dist/tex/latex/pgf/utilities/pgfrcs.sty
(/usr/share/texlive/texmf-dist/tex/generic/pgf/utilities/pgfutil-common.tex
\pgfutil@everybye=\toks18
\pgfutil@tempdima=\dimen164
\pgfutil@tempdimb=\dimen165

(/usr/share/texlive/texmf-dist/tex/generic/pgf/utilities/pgfutil-common-lists.t
ex)) (/usr/share/texlive/texmf-dist/tex/generic/pgf/utilities/pgfutil-latex.def
\pgfutil@abb=\box59
) (/usr/share/texlive/texmf-dist/tex/generic/pgf/utilities/pgfrcs.code.tex
(/usr/share/texlive/texmf-dist/tex/generic/pgf/pgf.revision.tex)
Package: pgfrcs 2021/05/15 v3.1.9a (3.1.9a)
))
(/usr/share/texlive/texmf-dist/tex/generic/pgf/systemlayer/pgfsys.code.tex
Package: pgfsys 2021/05/15 v3.1.9a (3.1.9a)

(/usr/share/texlive/texmf-dist/tex/generic/pgf/utilities/pgfkeys.code.tex
\pgfkeys@pathtoks=\toks19
\pgfkeys@temptoks=\toks20

(/usr/share/texlive/texmf-dist/tex/generic/pgf/utilities/pgfkeysfiltered.code.t
ex
\pgfkeys@tmptoks=\toks21
))
\pgf@x=\dimen166
\pgf@y=\dimen167
\pgf@xa=\dimen168
\pgf@ya=\dimen169
\pgf@xb=\dimen170
\pgf@yb=\dimen171
\pgf@xc=\dimen172
\pgf@yc=\dimen173
\pgf@xd=\dimen174
\pgf@yd=\dimen175
\w@pgf@writea=\write3
\r@pgf@reada=\read2
\c@pgf@counta=\count280
\c@pgf@countb=\count281
\c@pgf@countc=\count282
\c@pgf@countd=\count283
\t@pgf@toka=\toks22
\t@pgf@tokb=\toks23
\t@pgf@tokc=\toks24
\pgf@sys@id@count=\count284
 (/usr/share/texlive/texmf-dist/tex/generic/pgf/systemlayer/pgf.cfg
File: pgf.cfg 2021/05/15 v3.1.9a (3.1.9a)
)
Driver file for pgf: pgfsys-pdftex.def

(/usr/share/texlive/texmf-dist/tex/generic/pgf/systemlayer/pgfsys-pdftex.def
File: pgfsys-pdftex.def 2021/05/15 v3.1.9a (3.1.9a)

(/usr/share/texlive/texmf-dist/tex/generic/pgf/systemlayer/pgfsys-common-pdf.de
f
File: pgfsys-common-pdf.def 2021/05/15 v3.1.9a (3.1.9a)
)))
(/usr/share/texlive/texmf-dist/tex/generic/pgf/systemlayer/pgfsyssoftpath.code.
tex
File: pgfsyssoftpath.code.tex 2021/05/15 v3.1.9a (3.1.9a)
\pgfsyssoftpath@smallbuffer@items=\count285
\pgfsyssoftpath@bigbuffer@items=\count286
)
(/usr/share/texlive/texmf-dist/tex/generic/pgf/systemlayer/pgfsysprotocol.code.
tex
File: pgfsysprotocol.code.tex 2021/05/15 v3.1.9a (3.1.9a)
)) (/usr/share/texlive/texmf-dist/tex/latex/xcolor/xcolor.sty
Package: xcolor 2021/10/31 v2.13 LaTeX color extensions (UK)

(/usr/share/texlive/texmf-dist/tex/latex/graphics-cfg/color.cfg
File: color.cfg 2016/01/02 v1.6 sample color configuration
)
Package xcolor Info: Driver file: pdftex.def on input line 227.
Package xcolor Info: Model `cmy' substituted by `cmy0' on input line 1352.
Package xcolor Info: Model `hsb' substituted by `rgb' on input line 1356.
Package xcolor Info: Model `RGB' extended on input line 1368.
Package xcolor Info: Model `HTML' substituted by `rgb' on input line 1370.
Package xcolor Info: Model `Hsb' substituted by `hsb' on input line 1371.
Package xcolor Info: Model `tHsb' substituted by `hsb' on input line 1372.
Package xcolor Info: Model `HSB' substituted by `hsb' on input line 1373.
Package xcolor Info: Model `Gray' substituted by `gray' on input line 1374.
Package xcolor Info: Model `wave' substituted by `hsb' on input line 1375.
)
(/usr/share/texlive/texmf-dist/tex/generic/pgf/basiclayer/pgfcore.code.tex
Package: pgfcore 2021/05/15 v3.1.9a (3.1.9a)

(/usr/share/texlive/texmf-dist/tex/generic/pgf/math/pgfmath.code.tex
(/usr/share/texlive/texmf-dist/tex/generic/pgf/math/pgfmathcalc.code.tex
(/usr/share/texlive/texmf-dist/tex/generic/pgf/math/pgfmathutil.code.tex)
(/usr/share/texlive/texmf-dist/tex/generic/pgf/math/pgfmathparser.code.tex
\pgfmath@dimen=\dimen176
\pgfmath@count=\count287
\pgfmath@box=\box60
\pgfmath@toks=\toks25
\pgfmath@stack@operand=\toks26
\pgfmath@stack@operation=\toks27
)
(/usr/share/texlive/texmf-dist/tex/generic/pgf/math/pgfmathfunctions.code.tex
(/usr/share/texlive/texmf-dist/tex/generic/pgf/math/pgfmathfunctions.basic.code
.tex)
(/usr/share/texlive/texmf-dist/tex/generic/pgf/math/pgfmathfunctions.trigonomet
ric.code.tex)
(/usr/share/texlive/texmf-dist/tex/generic/pgf/math/pgfmathfunctions.random.cod
e.tex)
(/usr/share/texlive/texmf-dist/tex/generic/pgf/math/pgfmathfunctions.comparison
.code.tex)
(/usr/share/texlive/texmf-dist/tex/generic/pgf/math/pgfmathfunctions.base.code.
tex)
(/usr/share/texlive/texmf-dist/tex/generic/pgf/math/pgfmathfunctions.round.code
.tex)
(/usr/share/texlive/texmf-dist/tex/generic/pgf/math/pgfmathfunctions.misc.code.
tex)
(/usr/share/texlive/texmf-dist/tex/generic/pgf/math/pgfmathfunctions.integerari
thmetics.code.tex)))
(/usr/share/texlive/texmf-dist/tex/generic/pgf/math/pgfmathfloat.code.tex
\c@pgfmathroundto@lastzeros=\count288
))
(/usr/share/texlive/texmf-dist/tex/generic/pgf/math/pgfint.code.tex)
(/usr/share/texlive/texmf-dist/tex/generic/pgf/basiclayer/pgfcorepoints.code.te
x
File: pgfcorepoints.code.tex 2021/05/15 v3.1.9a (3.1.9a)
\pgf@picminx=\dimen177
\pgf@picmaxx=\dimen178
\pgf@picminy=\dimen179
\pgf@picmaxy=\dimen180
\pgf@pathminx=\dimen181
\pgf@pathmaxx=\dimen182
\pgf@pathminy=\dimen183
\pgf@pathmaxy=\dimen184
\pgf@xx=\dimen185
\pgf@xy=\dimen186
\pgf@yx=\dimen187
\pgf@yy=\dimen188
\pgf@zx=\dimen189
\pgf@zy=\dimen190
)
(/usr/share/texlive/texmf-dist/tex/generic/pgf/basiclayer/pgfcorepathconstruct.
code.tex
File: pgfcorepathconstruct.code.tex 2021/05/15 v3.1.9a (3.1.9a)
\pgf@path@lastx=\dimen191
\pgf@path@lasty=\dimen192
)
(/usr/share/texlive/texmf-dist/tex/generic/pgf/basiclayer/pgfcorepathusage.code
.tex
File: pgfcorepathusage.code.tex 2021/05/15 v3.1.9a (3.1.9a)
\pgf@shorten@end@additional=\dimen193
\pgf@shorten@start@additional=\dimen194
)
(/usr/share/texlive/texmf-dist/tex/generic/pgf/basiclayer/pgfcorescopes.code.te
x
File: pgfcorescopes.code.tex 2021/05/15 v3.1.9a (3.1.9a)
\pgfpic=\box61
\pgf@hbox=\box62
\pgf@layerbox@main=\box63
\pgf@picture@serial@count=\count289
)
(/usr/share/texlive/texmf-dist/tex/generic/pgf/basiclayer/pgfcoregraphicstate.c
ode.tex
File: pgfcoregraphicstate.code.tex 2021/05/15 v3.1.9a (3.1.9a)
\pgflinewidth=\dimen195
)
(/usr/share/texlive/texmf-dist/tex/generic/pgf/basiclayer/pgfcoretransformation
s.code.tex
File: pgfcoretransformations.code.tex 2021/05/15 v3.1.9a (3.1.9a)
\pgf@pt@x=\dimen196
\pgf@pt@y=\dimen197
\pgf@pt@temp=\dimen198
)
(/usr/share/texlive/texmf-dist/tex/generic/pgf/basiclayer/pgfcorequick.code.tex
File: pgfcorequick.code.tex 2021/05/15 v3.1.9a (3.1.9a)
)
(/usr/share/texlive/texmf-dist/tex/generic/pgf/basiclayer/pgfcoreobjects.code.t
ex
File: pgfcoreobjects.code.tex 2021/05/15 v3.1.9a (3.1.9a)
)
(/usr/share/texlive/texmf-dist/tex/generic/pgf/basiclayer/pgfcorepathprocessing
.code.tex
File: pgfcorepathprocessing.code.tex 2021/05/15 v3.1.9a (3.1.9a)
)
(/usr/share/texlive/texmf-dist/tex/generic/pgf/basiclayer/pgfcorearrows.code.te
x
File: pgfcorearrows.code.tex 2021/05/15 v3.1.9a (3.1.9a)
\pgfarrowsep=\dimen199
)
(/usr/share/texlive/texmf-dist/tex/generic/pgf/basiclayer/pgfcoreshade.code.tex
File: pgfcoreshade.code.tex 2021/05/15 v3.1.9a (3.1.9a)
\pgf@max=\dimen256
\pgf@sys@shading@range@num=\count290
\pgf@shadingcount=\count291
)
(/usr/share/texlive/texmf-dist/tex/generic/pgf/basiclayer/pgfcoreimage.code.tex
File: pgfcoreimage.code.tex 2021/05/15 v3.1.9a (3.1.9a)

(/usr/share/texlive/texmf-dist/tex/generic/pgf/basiclayer/pgfcoreexternal.code.
tex
File: pgfcoreexternal.code.tex 2021/05/15 v3.1.9a (3.1.9a)
\pgfexternal@startupbox=\box64
))
(/usr/share/texlive/texmf-dist/tex/generic/pgf/basiclayer/pgfcorelayers.code.te
x
File: pgfcorelayers.code.tex 2021/05/15 v3.1.9a (3.1.9a)
)
(/usr/share/texlive/texmf-dist/tex/generic/pgf/basiclayer/pgfcoretransparency.c
ode.tex
File: pgfcoretransparency.code.tex 2021/05/15 v3.1.9a (3.1.9a)
)
(/usr/share/texlive/texmf-dist/tex/generic/pgf/basiclayer/pgfcorepatterns.code.
tex
File: pgfcorepatterns.code.tex 2021/05/15 v3.1.9a (3.1.9a)
)
(/usr/share/texlive/texmf-dist/tex/generic/pgf/basiclayer/pgfcorerdf.code.tex
File: pgfcorerdf.code.tex 2021/05/15 v3.1.9a (3.1.9a)
))) (/usr/share/texlive/texmf-dist/tex/latex/base/size10.clo
File: size10.clo 2021/10/04 v1.4n Standard LaTeX file (size option)
)
(/usr/share/texlive/texmf-dist/tex/latex/pgf/utilities/xxcolor.sty
Package: xxcolor 2003/10/24 ver 0.1
\XC@nummixins=\count292
\XC@countmixins=\count293
)
(/usr/share/texlive/texmf-dist/tex/latex/base/atbegshi-ltx.sty
Package: atbegshi-ltx 2021/01/10 v1.0c Emulation of the original atbegshi
package with kernel methods
)
(/usr/share/texlive/texmf-dist/tex/latex/hyperref/hyperref.sty
Package: hyperref 2021-06-07 v7.00m Hypertext links for LaTeX

(/usr/share/texlive/texmf-dist/tex/generic/ltxcmds/ltxcmds.sty
Package: ltxcmds 2020-05-10 v1.25 LaTeX kernel commands for general use (HO)
)
(/usr/share/texlive/texmf-dist/tex/generic/pdftexcmds/pdftexcmds.sty
Package: pdftexcmds 2020-06-27 v0.33 Utility functions of pdfTeX for LuaTeX (HO
)

(/usr/share/texlive/texmf-dist/tex/generic/infwarerr/infwarerr.sty
Package: infwarerr 2019/12/03 v1.5 Providing info/warning/error messages (HO)
)
Package pdftexcmds Info: \pdf@primitive is available.
Package pdftexcmds Info: \pdf@ifprimitive is available.
Package pdftexcmds Info: \pdfdraftmode found.
)
(/usr/share/texlive/texmf-dist/tex/generic/kvsetkeys/kvsetkeys.sty
Package: kvsetkeys 2019/12/15 v1.18 Key value parser (HO)
)
(/usr/share/texlive/texmf-dist/tex/generic/kvdefinekeys/kvdefinekeys.sty
Package: kvdefinekeys 2019-12-19 v1.6 Define keys (HO)
)
(/usr/share/texlive/texmf-dist/tex/generic/pdfescape/pdfescape.sty
Package: pdfescape 2019/12/09 v1.15 Implements pdfTeX's escape features (HO)
)
(/usr/share/texlive/texmf-dist/tex/latex/hycolor/hycolor.sty
Package: hycolor 2020-01-27 v1.10 Color options for hyperref/bookmark (HO)
)
(/usr/share/texlive/texmf-dist/tex/latex/letltxmacro/letltxmacro.sty
Package: letltxmacro 2019/12/03 v1.6 Let assignment for LaTeX macros (HO)
)
(/usr/share/texlive/texmf-dist/tex/latex/auxhook/auxhook.sty
Package: auxhook 2019-12-17 v1.6 Hooks for auxiliary files (HO)
)
(/usr/share/texlive/texmf-dist/tex/latex/kvoptions/kvoptions.sty
Package: kvoptions 2020-10-07 v3.14 Key value format for package options (HO)
)
\@linkdim=\dimen257
\Hy@linkcounter=\count294
\Hy@pagecounter=\count295

(/usr/share/texlive/texmf-dist/tex/latex/hyperref/pd1enc.def
File: pd1enc.def 2021-06-07 v7.00m Hyperref: PDFDocEncoding definition (HO)
Now handling font encoding PD1 ...
... no UTF-8 mapping file for font encoding PD1
)
(/usr/share/texlive/texmf-dist/tex/latex/hyperref/hyperref-langpatches.def
File: hyperref-langpatches.def 2021-06-07 v7.00m Hyperref: patches for babel la
nguages
)
(/usr/share/texlive/texmf-dist/tex/generic/intcalc/intcalc.sty
Package: intcalc 2019/12/15 v1.3 Expandable calculations with integers (HO)
)
(/usr/share/texlive/texmf-dist/tex/generic/etexcmds/etexcmds.sty
Package: etexcmds 2019/12/15 v1.7 Avoid name clashes with e-TeX commands (HO)
)
\Hy@SavedSpaceFactor=\count296

(/usr/share/texlive/texmf-dist/tex/latex/hyperref/puenc.def
File: puenc.def 2021-06-07 v7.00m Hyperref: PDF Unicode definition (HO)
Now handling font encoding PU ...
... no UTF-8 mapping file for font encoding PU
)
Package hyperref Info: Option `bookmarks' set `true' on input line 4073.
Package hyperref Info: Option `bookmarksopen' set `true' on input line 4073.
Package hyperref Info: Option `implicit' set `false' on input line 4073.
Package hyperref Info: Hyper figures OFF on input line 4192.
Package hyperref Info: Link nesting OFF on input line 4197.
Package hyperref Info: Hyper index ON on input line 4200.
Package hyperref Info: Plain pages OFF on input line 4207.
Package hyperref Info: Backreferencing OFF on input line 4212.
Package hyperref Info: Implicit mode OFF; no redefinition of LaTeX internals.
Package hyperref Info: Bookmarks ON on input line 4445.
\c@Hy@tempcnt=\count297

(/usr/share/texlive/texmf-dist/tex/latex/url/url.sty
\Urlmuskip=\muskip16
Package: url 2013/09/16  ver 3.4  Verb mode for urls, etc.
)
LaTeX Info: Redefining \url on input line 4804.
\XeTeXLinkMargin=\dimen258

(/usr/share/texlive/texmf-dist/tex/generic/bitset/bitset.sty
Package: bitset 2019/12/09 v1.3 Handle bit-vector datatype (HO)

(/usr/share/texlive/texmf-dist/tex/generic/bigintcalc/bigintcalc.sty
Package: bigintcalc 2019/12/15 v1.5 Expandable calculations on big integers (HO
)
))
\Fld@menulength=\count298
\Field@Width=\dimen259
\Fld@charsize=\dimen260
Package hyperref Info: Hyper figures OFF on input line 6076.
Package hyperref Info: Link nesting OFF on input line 6081.
Package hyperref Info: Hyper index ON on input line 6084.
Package hyperref Info: backreferencing OFF on input line 6091.
Package hyperref Info: Link coloring OFF on input line 6096.
Package hyperref Info: Link coloring with OCG OFF on input line 6101.
Package hyperref Info: PDF/A mode OFF on input line 6106.
LaTeX Info: Redefining \ref on input line 6146.
LaTeX Info: Redefining \pageref on input line 6150.
\Hy@abspage=\count299


Package hyperref Message: Stopped early.

)
Package hyperref Info: Driver (autodetected): hpdftex.
 (/usr/share/texlive/texmf-dist/tex/latex/hyperref/hpdftex.def
File: hpdftex.def 2021-06-07 v7.00m Hyperref driver for pdfTeX

(/usr/share/texlive/texmf-dist/tex/latex/base/atveryend-ltx.sty
Package: atveryend-ltx 2020/08/19 v1.0a Emulation of the original atveryend pac
kage
with kernel methods
)
\Fld@listcount=\count300
\c@bookmark@seq@number=\count301

(/usr/share/texlive/texmf-dist/tex/latex/rerunfilecheck/rerunfilecheck.sty
Package: rerunfilecheck 2019/12/05 v1.9 Rerun checks for auxiliary files (HO)

(/usr/share/texlive/texmf-dist/tex/generic/uniquecounter/uniquecounter.sty
Package: uniquecounter 2019/12/15 v1.4 Provide unlimited unique counter (HO)
)
Package uniquecounter Info: New unique counter `rerunfilecheck' on input line 2
86.
))
(/usr/share/texlive/texmf-dist/tex/latex/beamer/beamerbaserequires.sty
(/usr/share/texlive/texmf-dist/tex/latex/beamer/beamerbasecompatibility.sty)
(/usr/share/texlive/texmf-dist/tex/latex/beamer/beamerbasefont.sty
(/usr/share/texlive/texmf-dist/tex/latex/amsfonts/amssymb.sty
Package: amssymb 2013/01/14 v3.01 AMS font symbols

(/usr/share/texlive/texmf-dist/tex/latex/amsfonts/amsfonts.sty
Package: amsfonts 2013/01/14 v3.01 Basic AMSFonts support
\@emptytoks=\toks28
\symAMSa=\mathgroup4
\symAMSb=\mathgroup5
LaTeX Font Info:    Redeclaring math symbol \hbar on input line 98.
LaTeX Font Info:    Overwriting math alphabet `\mathfrak' in version `bold'
(Font)                  U/euf/m/n --> U/euf/b/n on input line 106.
))
(/usr/share/texlive/texmf-dist/tex/latex/sansmathaccent/sansmathaccent.sty
Package: sansmathaccent 2020/01/31

(/usr/share/texlive/texmf-dist/tex/latex/koma-script/scrlfile.sty
Package: scrlfile 2021/11/13 v3.35 KOMA-Script package (file load hooks)

(/usr/share/texlive/texmf-dist/tex/latex/koma-script/scrlfile-hook.sty
Package: scrlfile-hook 2021/11/13 v3.35 KOMA-Script package (using LaTeX hooks)


(/usr/share/texlive/texmf-dist/tex/latex/koma-script/scrlogo.sty
Package: scrlogo 2021/11/13 v3.35 KOMA-Script package (logo)
)))))
(/usr/share/texlive/texmf-dist/tex/latex/beamer/beamerbasetranslator.sty
(/usr/share/texlive/texmf-dist/tex/latex/translator/translator.sty
Package: translator 2021-05-31 v1.12d Easy translation of strings in LaTeX
))
(/usr/share/texlive/texmf-dist/tex/latex/beamer/beamerbasemisc.sty)
(/usr/share/texlive/texmf-dist/tex/latex/beamer/beamerbasetwoscreens.sty)
(/usr/share/texlive/texmf-dist/tex/latex/beamer/beamerbaseoverlay.sty
\beamer@argscount=\count302
\beamer@lastskipcover=\skip50
\beamer@trivlistdepth=\count303
)
(/usr/share/texlive/texmf-dist/tex/latex/beamer/beamerbasetitle.sty)
(/usr/share/texlive/texmf-dist/tex/latex/beamer/beamerbasesection.sty
\c@lecture=\count304
\c@part=\count305
\c@section=\count306
\c@subsection=\count307
\c@subsubsection=\count308
)
(/usr/share/texlive/texmf-dist/tex/latex/beamer/beamerbaseframe.sty
\beamer@framebox=\box65
\beamer@frametitlebox=\box66
\beamer@zoombox=\box67
\beamer@zoomcount=\count309
\beamer@zoomframecount=\count310
\beamer@frametextheight=\dimen261
\c@subsectionslide=\count311
\beamer@frametopskip=\skip51
\beamer@framebottomskip=\skip52
\beamer@frametopskipautobreak=\skip53
\beamer@framebottomskipautobreak=\skip54
\beamer@envbody=\toks29
\framewidth=\dimen262
\c@framenumber=\count312
)
(/usr/share/texlive/texmf-dist/tex/latex/beamer/beamerbaseverbatim.sty
\beamer@verbatimfileout=\write4
)
(/usr/share/texlive/texmf-dist/tex/latex/beamer/beamerbaseframesize.sty
\beamer@splitbox=\box68
\beamer@autobreakcount=\count313
\beamer@autobreaklastheight=\dimen263
\beamer@frametitletoks=\toks30
\beamer@framesubtitletoks=\toks31
)
(/usr/share/texlive/texmf-dist/tex/latex/beamer/beamerbaseframecomponents.sty
\beamer@footins=\box69
)
(/usr/share/texlive/texmf-dist/tex/latex/beamer/beamerbasecolor.sty)
(/usr/share/texlive/texmf-dist/tex/latex/beamer/beamerbasenotes.sty
\beamer@frameboxcopy=\box70
)
(/usr/share/texlive/texmf-dist/tex/latex/beamer/beamerbasetoc.sty)
(/usr/share/texlive/texmf-dist/tex/latex/beamer/beamerbasetemplates.sty
\beamer@sbttoks=\toks32

(/usr/share/texlive/texmf-dist/tex/latex/beamer/beamerbaseauxtemplates.sty
(/usr/share/texlive/texmf-dist/tex/latex/beamer/beamerbaseboxes.sty
\bmb@box=\box71
\bmb@colorbox=\box72
\bmb@boxwidth=\dimen264
\bmb@boxheight=\dimen265
\bmb@prevheight=\dimen266
\bmb@temp=\dimen267
\bmb@dima=\dimen268
\bmb@dimb=\dimen269
\bmb@prevheight=\dimen270
)
\beamer@blockheadheight=\dimen271
))
(/usr/share/texlive/texmf-dist/tex/latex/beamer/beamerbaselocalstructure.sty
(/usr/share/texlive/texmf-dist/tex/latex/tools/enumerate.sty
Package: enumerate 2015/07/23 v3.00 enumerate extensions (DPC)
\@enLab=\toks33
)
\beamer@bibiconwidth=\skip55
\c@figure=\count314
\c@table=\count315
\abovecaptionskip=\skip56
\belowcaptionskip=\skip57
)
(/usr/share/texlive/texmf-dist/tex/latex/beamer/beamerbasenavigation.sty
\beamer@section@min@dim=\dimen272
)
(/usr/share/texlive/texmf-dist/tex/latex/beamer/beamerbasetheorems.sty
(/usr/share/texlive/texmf-dist/tex/latex/amsmath/amsmath.sty
Package: amsmath 2021/10/15 v2.17l AMS math features
\@mathmargin=\skip58

For additional information on amsmath, use the `?' option.
(/usr/share/texlive/texmf-dist/tex/latex/amsmath/amstext.sty
Package: amstext 2021/08/26 v2.01 AMS text

(/usr/share/texlive/texmf-dist/tex/latex/amsmath/amsgen.sty
File: amsgen.sty 1999/11/30 v2.0 generic functions
\@emptytoks=\toks34
\ex@=\dimen273
))
(/usr/share/texlive/texmf-dist/tex/latex/amsmath/amsbsy.sty
Package: amsbsy 1999/11/29 v1.2d Bold Symbols
\pmbraise@=\dimen274
)
(/usr/share/texlive/texmf-dist/tex/latex/amsmath/amsopn.sty
Package: amsopn 2021/08/26 v2.02 operator names
)
\inf@bad=\count316
LaTeX Info: Redefining \frac on input line 234.
\uproot@=\count317
\leftroot@=\count318
LaTeX Info: Redefining \overline on input line 399.
\classnum@=\count319
\DOTSCASE@=\count320
LaTeX Info: Redefining \ldots on input line 496.
LaTeX Info: Redefining \dots on input line 499.
LaTeX Info: Redefining \cdots on input line 620.
\Mathstrutbox@=\box73
\strutbox@=\box74
\big@size=\dimen275
LaTeX Font Info:    Redeclaring font encoding OML on input line 743.
LaTeX Font Info:    Redeclaring font encoding OMS on input line 744.
\macc@depth=\count321
\c@MaxMatrixCols=\count322
\dotsspace@=\muskip17
\c@parentequation=\count323
\dspbrk@lvl=\count324
\tag@help=\toks35
\row@=\count325
\column@=\count326
\maxfields@=\count327
\andhelp@=\toks36
\eqnshift@=\dimen276
\alignsep@=\dimen277
\tagshift@=\dimen278
\tagwidth@=\dimen279
\totwidth@=\dimen280
\lineht@=\dimen281
\@envbody=\toks37
\multlinegap=\skip59
\multlinetaggap=\skip60
\mathdisplay@stack=\toks38
LaTeX Info: Redefining \[ on input line 2938.
LaTeX Info: Redefining \] on input line 2939.
)
(/usr/share/texlive/texmf-dist/tex/latex/amscls/amsthm.sty
Package: amsthm 2020/05/29 v2.20.6
\thm@style=\toks39
\thm@bodyfont=\toks40
\thm@headfont=\toks41
\thm@notefont=\toks42
\thm@headpunct=\toks43
\thm@preskip=\skip61
\thm@postskip=\skip62
\thm@headsep=\skip63
\dth@everypar=\toks44
)
\c@theorem=\count328
)
(/usr/share/texlive/texmf-dist/tex/latex/beamer/beamerbasethemes.sty))
(/usr/share/texlive/texmf-dist/tex/latex/beamer/beamerthemedefault.sty
(/usr/share/texlive/texmf-dist/tex/latex/beamer/beamerfontthemedefault.sty)
(/usr/share/texlive/texmf-dist/tex/latex/beamer/beamercolorthemedefault.sty)
(/usr/share/texlive/texmf-dist/tex/latex/beamer/beamerinnerthemedefault.sty
\beamer@dima=\dimen282
\beamer@dimb=\dimen283
)
(/usr/share/texlive/texmf-dist/tex/latex/beamer/beamerouterthemedefault.sty)))
(./header.tex (/usr/share/texlive/texmf-dist/tex/latex/accents/accents.sty
Package: accents 2006/05/12 v1.4 Math Accent Tools
\cc@skew=\dimen284
\cc@wd=\dimen285
\cc@code=\count329
\cc@group=\count330
\cc@skewchar=\count331
)
(/usr/share/texlive/texmf-dist/tex/latex/hyphenat/hyphenat.sty
Package: hyphenat 2009/09/02 v2.3c hyphenation utilities
\langwohyphens=\language87
LaTeX Info: Redefining \_ on input line 43.
)
(/usr/share/texlive/texmf-dist/tex/latex/multirow/multirow.sty
Package: multirow 2021/03/15 v2.8 Span multiple rows of a table
\multirow@colwidth=\skip64
\multirow@cntb=\count332
\multirow@dima=\skip65
\bigstrutjot=\dimen286
)
(/usr/share/texlive/texmf-dist/tex/latex/beamertheme-metropolis/beamerthememetr
opolis.sty
Package: beamerthememetropolis 2017/01/23 v1.2 Metropolis Beamer theme
 (/usr/share/texlive/texmf-dist/tex/latex/pgfopts/pgfopts.sty
Package: pgfopts 2014/07/10 v2.1a LaTeX package options with pgfkeys

(/usr/share/texlive/texmf-dist/tex/latex/pgf/utilities/pgfkeys.sty
(/usr/share/texlive/texmf-dist/tex/generic/pgf/utilities/pgfkeys.code.tex))
\pgfopts@list@add@a@toks=\toks45
\pgfopts@list@add@b@toks=\toks46
)
(/usr/share/texlive/texmf-dist/tex/latex/beamertheme-metropolis/beamerinnerthem
emetropolis.sty
Package: beamerinnerthememetropolis 2017/01/23 Metropolis inner theme
 (/usr/share/texlive/texmf-dist/tex/latex/tools/calc.sty
Package: calc 2017/05/25 v4.3 Infix arithmetic (KKT,FJ)
\calc@Acount=\count333
\calc@Bcount=\count334
\calc@Adimen=\dimen287
\calc@Bdimen=\dimen288
\calc@Askip=\skip66
\calc@Bskip=\skip67
LaTeX Info: Redefining \setlength on input line 80.
LaTeX Info: Redefining \addtolength on input line 81.
\calc@Ccount=\count335
\calc@Cskip=\skip68
)
(/usr/share/texlive/texmf-dist/tex/latex/pgf/frontendlayer/tikz.sty
(/usr/share/texlive/texmf-dist/tex/latex/pgf/basiclayer/pgf.sty
Package: pgf 2021/05/15 v3.1.9a (3.1.9a)

(/usr/share/texlive/texmf-dist/tex/generic/pgf/modules/pgfmoduleshapes.code.tex
File: pgfmoduleshapes.code.tex 2021/05/15 v3.1.9a (3.1.9a)
\pgfnodeparttextbox=\box75
) (/usr/share/texlive/texmf-dist/tex/generic/pgf/modules/pgfmoduleplot.code.tex
File: pgfmoduleplot.code.tex 2021/05/15 v3.1.9a (3.1.9a)
)
(/usr/share/texlive/texmf-dist/tex/latex/pgf/compatibility/pgfcomp-version-0-65
.sty
Package: pgfcomp-version-0-65 2021/05/15 v3.1.9a (3.1.9a)
\pgf@nodesepstart=\dimen289
\pgf@nodesepend=\dimen290
)
(/usr/share/texlive/texmf-dist/tex/latex/pgf/compatibility/pgfcomp-version-1-18
.sty
Package: pgfcomp-version-1-18 2021/05/15 v3.1.9a (3.1.9a)
)) (/usr/share/texlive/texmf-dist/tex/latex/pgf/utilities/pgffor.sty
(/usr/share/texlive/texmf-dist/tex/latex/pgf/math/pgfmath.sty
(/usr/share/texlive/texmf-dist/tex/generic/pgf/math/pgfmath.code.tex))
(/usr/share/texlive/texmf-dist/tex/generic/pgf/utilities/pgffor.code.tex
Package: pgffor 2021/05/15 v3.1.9a (3.1.9a)

(/usr/share/texlive/texmf-dist/tex/generic/pgf/math/pgfmath.code.tex)
\pgffor@iter=\dimen291
\pgffor@skip=\dimen292
\pgffor@stack=\toks47
\pgffor@toks=\toks48
))
(/usr/share/texlive/texmf-dist/tex/generic/pgf/frontendlayer/tikz/tikz.code.tex
Package: tikz 2021/05/15 v3.1.9a (3.1.9a)

(/usr/share/texlive/texmf-dist/tex/generic/pgf/libraries/pgflibraryplothandlers
.code.tex
File: pgflibraryplothandlers.code.tex 2021/05/15 v3.1.9a (3.1.9a)
\pgf@plot@mark@count=\count336
\pgfplotmarksize=\dimen293
)
\tikz@lastx=\dimen294
\tikz@lasty=\dimen295
\tikz@lastxsaved=\dimen296
\tikz@lastysaved=\dimen297
\tikz@lastmovetox=\dimen298
\tikz@lastmovetoy=\dimen299
\tikzleveldistance=\dimen300
\tikzsiblingdistance=\dimen301
\tikz@figbox=\box76
\tikz@figbox@bg=\box77
\tikz@tempbox=\box78
\tikz@tempbox@bg=\box79
\tikztreelevel=\count337
\tikznumberofchildren=\count338
\tikznumberofcurrentchild=\count339
\tikz@fig@count=\count340

(/usr/share/texlive/texmf-dist/tex/generic/pgf/modules/pgfmodulematrix.code.tex
File: pgfmodulematrix.code.tex 2021/05/15 v3.1.9a (3.1.9a)
\pgfmatrixcurrentrow=\count341
\pgfmatrixcurrentcolumn=\count342
\pgf@matrix@numberofcolumns=\count343
)
\tikz@expandcount=\count344

(/usr/share/texlive/texmf-dist/tex/generic/pgf/frontendlayer/tikz/libraries/tik
zlibrarytopaths.code.tex
File: tikzlibrarytopaths.code.tex 2021/05/15 v3.1.9a (3.1.9a)
)))
\metropolis@titleseparator@linewidth=\skip69
\metropolis@progressonsectionpage=\skip70
\metropolis@progressonsectionpage@linewidth=\skip71
\metropolis@blocksep=\skip72
\metropolis@blockadjust=\skip73
\metropolis@parskip=\skip74
)
(/usr/share/texlive/texmf-dist/tex/latex/beamertheme-metropolis/beamerouterthem
emetropolis.sty
Package: beamerouterthememetropolis 2017/01/23 Metropolis outer theme
\metropolis@frametitle@padding=\skip75
\metropolis@progressinheadfoot=\skip76
\metropolis@progressinheadfoot@linewidth=\skip77
)
(/usr/share/texlive/texmf-dist/tex/latex/beamertheme-metropolis/beamercolorthem
emetropolis.sty
Package: beamercolorthememetropolis 2017/01/23 Metropolis color theme
)
(/usr/share/texlive/texmf-dist/tex/latex/beamertheme-metropolis/beamerfonttheme
metropolis.sty
Package: beamerfontthememetropolis 2017/01/23 Metropolis font theme
 (/usr/share/texlive/texmf-dist/tex/generic/iftex/ifxetex.sty
Package: ifxetex 2019/10/25 v0.7 ifxetex legacy package. Use iftex instead.
)
(/usr/share/texlive/texmf-dist/tex/generic/iftex/ifluatex.sty
Package: ifluatex 2019/10/25 v1.5 ifluatex legacy package. Use iftex instead.
)

Package beamerthememetropolis Warning: You need to compile with XeLaTeX or LuaL
aTeX to use the Fira fonts on input line 95.

))
(/usr/share/texlive/texmf-dist/tex/latex/appendixnumberbeamer/appendixnumberbea
mer.sty)
(/usr/share/texlive/texmf-dist/tex/latex/beamer/beamerfontthemeserif.sty)
(/usr/share/texlive/texmf-dist/tex/latex/booktabs/booktabs.sty
Package: booktabs 2020/01/12 v1.61803398 Publication quality tables
\heavyrulewidth=\dimen302
\lightrulewidth=\dimen303
\cmidrulewidth=\dimen304
\belowrulesep=\dimen305
\belowbottomsep=\dimen306
\aboverulesep=\dimen307
\abovetopsep=\dimen308
\cmidrulesep=\dimen309
\cmidrulekern=\dimen310
\defaultaddspace=\dimen311
\@cmidla=\count345
\@cmidlb=\count346
\@aboverulesep=\dimen312
\@belowrulesep=\dimen313
\@thisruleclass=\count347
\@lastruleclass=\count348
\@thisrulewidth=\dimen314
)
(/usr/share/texlive/texmf-dist/tex/latex/ccicons/ccicons.sty
Package: ccicons 2017/10/30 v1.6 LaTeX support for Creative Commons icons

(/usr/share/texlive/texmf-dist/tex/latex/xkeyval/xkeyval.sty
Package: xkeyval 2020/11/20 v2.8 package option processing (HA)

(/usr/share/texlive/texmf-dist/tex/generic/xkeyval/xkeyval.tex
(/usr/share/texlive/texmf-dist/tex/generic/xkeyval/xkvutils.tex
\XKV@toks=\toks49
\XKV@tempa@toks=\toks50
)
\XKV@depth=\count349
File: xkeyval.tex 2014/12/03 v2.7a key=value parser (HA)
)))
(/usr/share/texlive/texmf-dist/tex/latex/animate/animate.sty
Package: animate 2022/01/31 PDF & SVG animations from files and inline graphics


(/usr/share/texlive/texmf-dist/tex/latex/base/ifthen.sty
Package: ifthen 2020/11/24 v1.1c Standard LaTeX ifthen package (DPC)
)
(/usr/share/texlive/texmf-dist/tex/latex/oberdiek/ifdraft.sty
Package: ifdraft 2016/05/16 v1.4 Detect class options draft and final (HO)
)
(/usr/share/texlive/texmf-dist/tex/latex/zref/zref-abspage.sty
Package: zref-abspage 2020-07-03 v2.32 Module abspage for zref (HO)

(/usr/share/texlive/texmf-dist/tex/latex/zref/zref-base.sty
Package: zref-base 2020-07-03 v2.32 Module base for zref (HO)
Package zref Info: New property list: main on input line 764.
Package zref Info: New property: default on input line 765.
Package zref Info: New property: page on input line 766.
)
\c@abspage=\count350
Package zref Info: New property: abspage on input line 66.
)
(/usr/share/texlive/texmf-dist/tex/latex/media9/pdfbase.sty
(/usr/share/texlive/texmf-dist/tex/latex/l3packages/l3keys2e/l3keys2e.sty
(/usr/share/texlive/texmf-dist/tex/latex/l3kernel/expl3.sty
Package: expl3 2022-01-21 L3 programming layer (loader) 

(/usr/share/texlive/texmf-dist/tex/latex/l3backend/l3backend-pdftex.def
File: l3backend-pdftex.def 2022-01-12 L3 backend support: PDF output (pdfTeX)
\l__color_backend_stack_int=\count351
\l__pdf_internal_box=\box80
))
Package: l3keys2e 2022-01-12 LaTeX2e option processing using LaTeX3 keys
)
Package: pdfbase 2021/09/12 v0.53 driver independent access to low-level PDF fe
atures
\g_pbs_page_int=\count352
\g_pbs_oc_int=\count353
)
(/usr/share/texlive/texmf-dist/tex/latex/ocgx2/ocgbase.sty
Package: ocgbase 2021/06/11 v0.20 support package for ocgx2.sty
\g_ocgbase_nd_int=\count354
)
\@anim@box=\box81
\@anim@measbox=\box82
\@anim@tmpdima=\dimen315
\@anim@tmpdimb=\dimen316
\@anim@num=\count355
\@anim@curframe=\count356
\@anim@curframe@zb=\count357
\@anim@resizeflags=\count358
\@anim@skipfram=\count359
\@anim@mulframecnt=\count360
\@anim@@tmlnfile=\read3
\@anim@tmpcnt=\count361
\c@@anim@ltxcnt=\count362
\@anim@curlayer=\count363
\@anim@lineno=\count364
\@anim@curfield=\count365
\@anim@@resizeflags=\count366
)
(/usr/share/texlive/texmf-dist/tex/generic/soul/soul.sty
Package: soul 2003/11/17 v2.4 letterspacing/underlining (mf)
\SOUL@word=\toks51
\SOUL@lasttoken=\toks52
\SOUL@cmds=\toks53
\SOUL@buffer=\toks54
\SOUL@token=\toks55
\SOUL@spaceskip=\skip78
\SOUL@ttwidth=\dimen317
\SOUL@uldp=\dimen318
\SOUL@ulht=\dimen319
)
(/usr/share/texlive/texmf-dist/tex/latex/tools/xspace.sty
Package: xspace 2014/10/28 v1.13 Space after command names (DPC,MH)
)
(/usr/share/texlive/texmf-dist/tex/generic/pgf/frontendlayer/tikz/libraries/tik
zlibrarysnakes.code.tex
File: tikzlibrarysnakes.code.tex 2021/05/15 v3.1.9a (3.1.9a)


Package pgf Warning: Snakes have been superseded by decorations. Please use the
 decoration libraries instead of the snakes library on input line 14.


(/usr/share/texlive/texmf-dist/tex/generic/pgf/frontendlayer/tikz/libraries/tik
zlibrarydecorations.pathmorphing.code.tex
(/usr/share/texlive/texmf-dist/tex/generic/pgf/frontendlayer/tikz/libraries/tik
zlibrarydecorations.code.tex
(/usr/share/texlive/texmf-dist/tex/generic/pgf/modules/pgfmoduledecorations.cod
e.tex
\pgfdecoratedcompleteddistance=\dimen320
\pgfdecoratedremainingdistance=\dimen321
\pgfdecoratedinputsegmentcompleteddistance=\dimen322
\pgfdecoratedinputsegmentremainingdistance=\dimen323
\pgf@decorate@distancetomove=\dimen324
\pgf@decorate@repeatstate=\count367
\pgfdecorationsegmentamplitude=\dimen325
\pgfdecorationsegmentlength=\dimen326
)
\tikz@lib@dec@box=\box83
)
(/usr/share/texlive/texmf-dist/tex/generic/pgf/libraries/decorations/pgflibrary
decorations.pathmorphing.code.tex))
(/usr/share/texlive/texmf-dist/tex/generic/pgf/frontendlayer/tikz/libraries/tik
zlibrarydecorations.pathreplacing.code.tex
(/usr/share/texlive/texmf-dist/tex/generic/pgf/libraries/decorations/pgflibrary
decorations.pathreplacing.code.tex))
(/usr/share/texlive/texmf-dist/tex/generic/pgf/frontendlayer/tikz/libraries/tik
zlibrarydecorations.shapes.code.tex
(/usr/share/texlive/texmf-dist/tex/generic/pgf/libraries/decorations/pgflibrary
decorations.shapes.code.tex)))
(/usr/share/texlive/texmf-dist/tex/generic/pgf/frontendlayer/tikz/libraries/tik
zlibraryarrows.code.tex
File: tikzlibraryarrows.code.tex 2021/05/15 v3.1.9a (3.1.9a)

(/usr/share/texlive/texmf-dist/tex/generic/pgf/libraries/pgflibraryarrows.code.
tex
File: pgflibraryarrows.code.tex 2021/05/15 v3.1.9a (3.1.9a)
\arrowsize=\dimen327
))
(/usr/share/texlive/texmf-dist/tex/generic/pgf/frontendlayer/tikz/libraries/tik
zlibrarymindmap.code.tex
File: tikzlibrarymindmap.code.tex 2021/05/15 v3.1.9a (3.1.9a)

(/usr/share/texlive/texmf-dist/tex/generic/pgf/frontendlayer/tikz/libraries/tik
zlibrarytrees.code.tex
File: tikzlibrarytrees.code.tex 2021/05/15 v3.1.9a (3.1.9a)
))
(/usr/share/texlive/texmf-dist/tex/generic/pgf/frontendlayer/tikz/libraries/tik
zlibrarybackgrounds.code.tex
File: tikzlibrarybackgrounds.code.tex 2021/05/15 v3.1.9a (3.1.9a)
\pgf@layerbox@background=\box84
\pgf@layerboxsaved@background=\box85
)
(/usr/share/texlive/texmf-dist/tex/generic/pgf/frontendlayer/tikz/libraries/tik
zlibraryshapes.geometric.code.tex
File: tikzlibraryshapes.geometric.code.tex 2021/05/15 v3.1.9a (3.1.9a)

(/usr/share/texlive/texmf-dist/tex/generic/pgf/libraries/shapes/pgflibraryshape
s.geometric.code.tex
File: pgflibraryshapes.geometric.code.tex 2021/05/15 v3.1.9a (3.1.9a)
))
\bbw=\skip79
\bbh=\skip80
)

Package hyperref Warning: Token not allowed in a PDF string (Unicode):
(hyperref)                removing `\\' on input line 7.

(./lecture1.aux)
\openout1 = `lecture1.aux'.

LaTeX Font Info:    Checking defaults for OML/cmm/m/it on input line 11.
LaTeX Font Info:    ... okay on input line 11.
LaTeX Font Info:    Checking defaults for OMS/cmsy/m/n on input line 11.
LaTeX Font Info:    ... okay on input line 11.
LaTeX Font Info:    Checking defaults for OT1/cmr/m/n on input line 11.
LaTeX Font Info:    ... okay on input line 11.
LaTeX Font Info:    Checking defaults for T1/cmr/m/n on input line 11.
LaTeX Font Info:    ... okay on input line 11.
LaTeX Font Info:    Checking defaults for TS1/cmr/m/n on input line 11.
LaTeX Font Info:    ... okay on input line 11.
LaTeX Font Info:    Checking defaults for OMX/cmex/m/n on input line 11.
LaTeX Font Info:    ... okay on input line 11.
LaTeX Font Info:    Checking defaults for U/cmr/m/n on input line 11.
LaTeX Font Info:    ... okay on input line 11.
LaTeX Font Info:    Checking defaults for PD1/pdf/m/n on input line 11.
LaTeX Font Info:    ... okay on input line 11.
LaTeX Font Info:    Checking defaults for PU/pdf/m/n on input line 11.
LaTeX Font Info:    ... okay on input line 11.

*geometry* driver: auto-detecting
*geometry* detected driver: pdftex
*geometry* verbose mode - [ preamble ] result:
* driver: pdftex
* paper: custom
* layout: <same size as paper>
* layoutoffset:(h,v)=(0.0pt,0.0pt)
* modes: includehead includefoot 
* h-part:(L,W,R)=(28.45274pt, 307.28987pt, 28.45274pt)
* v-part:(T,H,B)=(0.0pt, 273.14662pt, 0.0pt)
* \paperwidth=364.19536pt
* \paperheight=273.14662pt
* \textwidth=307.28987pt
* \textheight=244.6939pt
* \oddsidemargin=-43.81725pt
* \evensidemargin=-43.81725pt
* \topmargin=-72.26999pt
* \headheight=14.22636pt
* \headsep=0.0pt
* \topskip=10.0pt
* \footskip=14.22636pt
* \marginparwidth=3.0pt
* \marginparsep=11.0pt
* \columnsep=10.0pt
* \skip\footins=9.0pt plus 4.0pt minus 2.0pt
* \hoffset=0.0pt
* \voffset=0.0pt
* \mag=1000
* \@twocolumnfalse
* \@twosidefalse
* \@mparswitchfalse
* \@reversemarginfalse
* (1in=72.27pt=25.4mm, 1cm=28.453pt)

(/usr/share/texlive/texmf-dist/tex/context/base/mkii/supp-pdf.mkii
[Loading MPS to PDF converter (version 2006.09.02).]
\scratchcounter=\count368
\scratchdimen=\dimen328
\scratchbox=\box86
\nofMPsegments=\count369
\nofMParguments=\count370
\everyMPshowfont=\toks56
\MPscratchCnt=\count371
\MPscratchDim=\dimen329
\MPnumerator=\count372
\makeMPintoPDFobject=\count373
\everyMPtoPDFconversion=\toks57
) (/usr/share/texlive/texmf-dist/tex/latex/epstopdf-pkg/epstopdf-base.sty
Package: epstopdf-base 2020-01-24 v2.11 Base part for package epstopdf
Package epstopdf-base Info: Redefining graphics rule for `.eps' on input line 4
85.

(/usr/share/texlive/texmf-dist/tex/latex/latexconfig/epstopdf-sys.cfg
File: epstopdf-sys.cfg 2010/07/13 v1.3 Configuration of (r)epstopdf for TeX Liv
e
))
Package hyperref Info: Link coloring OFF on input line 11.

(/usr/share/texlive/texmf-dist/tex/latex/hyperref/nameref.sty
Package: nameref 2021-04-02 v2.47 Cross-referencing by name of section

(/usr/share/texlive/texmf-dist/tex/latex/refcount/refcount.sty
Package: refcount 2019/12/15 v3.6 Data extraction from label references (HO)
)
(/usr/share/texlive/texmf-dist/tex/generic/gettitlestring/gettitlestring.sty
Package: gettitlestring 2019/12/15 v1.6 Cleanup title references (HO)
)
\c@section@level=\count374
)
LaTeX Info: Redefining \ref on input line 11.
LaTeX Info: Redefining \pageref on input line 11.
LaTeX Info: Redefining \nameref on input line 11.

(./lecture1.out) (./lecture1.out)
\@outlinefile=\write5
\openout5 = `lecture1.out'.


(/usr/share/texlive/texmf-dist/tex/latex/translator/translator-basic-dictionary
-English.dict
Dictionary: translator-basic-dictionary, Language: English 
)
(/usr/share/texlive/texmf-dist/tex/latex/translator/translator-bibliography-dic
tionary-English.dict
Dictionary: translator-bibliography-dictionary, Language: English 
)
(/usr/share/texlive/texmf-dist/tex/latex/translator/translator-environment-dict
ionary-English.dict
Dictionary: translator-environment-dictionary, Language: English 
)
(/usr/share/texlive/texmf-dist/tex/latex/translator/translator-months-dictionar
y-English.dict
Dictionary: translator-months-dictionary, Language: English 
)
(/usr/share/texlive/texmf-dist/tex/latex/translator/translator-numbers-dictiona
ry-English.dict
Dictionary: translator-numbers-dictionary, Language: English 
)
(/usr/share/texlive/texmf-dist/tex/latex/translator/translator-theorem-dictiona
ry-English.dict
Dictionary: translator-theorem-dictionary, Language: English 
) (./lecture1.nav)
<drexel-horz-blue.png, id=29, 3412.75pt x 903.375pt>
File: drexel-horz-blue.png Graphic file (type png)
<use drexel-horz-blue.png>
Package pdftex.def Info: drexel-horz-blue.png  used on input line 13.
(pdftex.def)             Requested size: 80.61102pt x 21.33955pt.

Overfull \vbox (41.33958pt too high) detected at line 13
 []


Overfull \vbox (13.79993pt too high) detected at line 13
 []

[1

{/var/lib/texmf/fonts/map/pdftex/updmap/pdftex.map} <./drexel-horz-blue.png>]
LaTeX Font Info:    Trying to load font information for U+msa on input line 15.

(/usr/share/texlive/texmf-dist/tex/latex/amsfonts/umsa.fd
File: umsa.fd 2013/01/14 v3.01 AMS symbols A
)
LaTeX Font Info:    Trying to load font information for U+msb on input line 15.


(/usr/share/texlive/texmf-dist/tex/latex/amsfonts/umsb.fd
File: umsb.fd 2013/01/14 v3.01 AMS symbols B
) [2

]
(./frame_feynman_quote.tex
\openout4 = `lecture1.vrb'.

 (./lecture1.vrb) [3

]) (./frame_md_movies.tex
Missing character: There is no ] in font nullfont!
<water-pic.jpg, id=58, 4047.12pt x 3035.34pt>
File: water-pic.jpg Graphic file (type jpg)
<use water-pic.jpg>
Package pdftex.def Info: water-pic.jpg  used on input line 11.
(pdftex.def)             Requested size: 4047.11017pt x 3035.33263pt.
<movie-water-md/water.00000.png, id=59, 126.7134pt x 125.7498pt>
File: movie-water-md/water.00000.png Graphic file (type png)
<use movie-water-md/water.00000.png>
Package pdftex.def Info: movie-water-md/water.00000.png  used on input line 11.

(pdftex.def)             Requested size: 126.71307pt x 125.74948pt.
 <./movie-water-md/water.00000.png> <a0,fr0>
<movie-water-md/water.00001.png, id=62, 126.7134pt x 125.7498pt>
File: movie-water-md/water.00001.png Graphic file (type png)
<use movie-water-md/water.00001.png>
Package pdftex.def Info: movie-water-md/water.00001.png  used on input line 11.

(pdftex.def)             Requested size: 126.71307pt x 125.74948pt.
 <./movie-water-md/water.00001.png> <a0,fr1>
<movie-water-md/water.00002.png, id=65, 126.7134pt x 125.7498pt>
File: movie-water-md/water.00002.png Graphic file (type png)
<use movie-water-md/water.00002.png>
Package pdftex.def Info: movie-water-md/water.00002.png  used on input line 11.

(pdftex.def)             Requested size: 126.71307pt x 125.74948pt.
 <./movie-water-md/water.00002.png> <a0,fr2>
<movie-water-md/water.00003.png, id=68, 126.7134pt x 125.7498pt>
File: movie-water-md/water.00003.png Graphic file (type png)
<use movie-water-md/water.00003.png>
Package pdftex.def Info: movie-water-md/water.00003.png  used on input line 11.

(pdftex.def)             Requested size: 126.71307pt x 125.74948pt.
 <./movie-water-md/water.00003.png> <a0,fr3>
<movie-water-md/water.00004.png, id=71, 126.7134pt x 125.7498pt>
File: movie-water-md/water.00004.png Graphic file (type png)
<use movie-water-md/water.00004.png>
Package pdftex.def Info: movie-water-md/water.00004.png  used on input line 11.

(pdftex.def)             Requested size: 126.71307pt x 125.74948pt.
 <./movie-water-md/water.00004.png> <a0,fr4>
<movie-water-md/water.00005.png, id=74, 126.7134pt x 125.7498pt>
File: movie-water-md/water.00005.png Graphic file (type png)
<use movie-water-md/water.00005.png>
Package pdftex.def Info: movie-water-md/water.00005.png  used on input line 11.

(pdftex.def)             Requested size: 126.71307pt x 125.74948pt.
 <./movie-water-md/water.00005.png> <a0,fr5>
<movie-water-md/water.00006.png, id=77, 126.7134pt x 125.7498pt>
File: movie-water-md/water.00006.png Graphic file (type png)
<use movie-water-md/water.00006.png>
Package pdftex.def Info: movie-water-md/water.00006.png  used on input line 11.

(pdftex.def)             Requested size: 126.71307pt x 125.74948pt.
 <./movie-water-md/water.00006.png> <a0,fr6>
<movie-water-md/water.00007.png, id=80, 126.7134pt x 125.7498pt>
File: movie-water-md/water.00007.png Graphic file (type png)
<use movie-water-md/water.00007.png>
Package pdftex.def Info: movie-water-md/water.00007.png  used on input line 11.

(pdftex.def)             Requested size: 126.71307pt x 125.74948pt.
 <./movie-water-md/water.00007.png> <a0,fr7>
<movie-water-md/water.00008.png, id=83, 126.7134pt x 125.7498pt>
File: movie-water-md/water.00008.png Graphic file (type png)
<use movie-water-md/water.00008.png>
Package pdftex.def Info: movie-water-md/water.00008.png  used on input line 11.

(pdftex.def)             Requested size: 126.71307pt x 125.74948pt.
 <./movie-water-md/water.00008.png>
<a0,fr8>
<movie-water-md/water.00009.png, id=86, 126.7134pt x 125.7498pt>
File: movie-water-md/water.00009.png Graphic file (type png)
<use movie-water-md/water.00009.png>
Package pdftex.def Info: movie-water-md/water.00009.png  used on input line 11.

(pdftex.def)             Requested size: 126.71307pt x 125.74948pt.
 <./movie-water-md/water.00009.png> <a0,fr9>
<movie-water-md/water.00010.png, id=89, 126.7134pt x 125.7498pt>
File: movie-water-md/water.00010.png Graphic file (type png)
<use movie-water-md/water.00010.png>
Package pdftex.def Info: movie-water-md/water.00010.png  used on input line 11.

(pdftex.def)             Requested size: 126.71307pt x 125.74948pt.
 <./movie-water-md/water.00010.png> <a0,fr10>
<movie-water-md/water.00011.png, id=92, 126.7134pt x 125.7498pt>
File: movie-water-md/water.00011.png Graphic file (type png)
<use movie-water-md/water.00011.png>
Package pdftex.def Info: movie-water-md/water.00011.png  used on input line 11.

(pdftex.def)             Requested size: 126.71307pt x 125.74948pt.
 <./movie-water-md/water.00011.png> <a0,fr11>
<movie-water-md/water.00012.png, id=95, 126.7134pt x 125.7498pt>
File: movie-water-md/water.00012.png Graphic file (type png)
<use movie-water-md/water.00012.png>
Package pdftex.def Info: movie-water-md/water.00012.png  used on input line 11.

(pdftex.def)             Requested size: 126.71307pt x 125.74948pt.
 <./movie-water-md/water.00012.png> <a0,fr12>
<movie-water-md/water.00013.png, id=98, 126.7134pt x 125.7498pt>
File: movie-water-md/water.00013.png Graphic file (type png)
<use movie-water-md/water.00013.png>
Package pdftex.def Info: movie-water-md/water.00013.png  used on input line 11.

(pdftex.def)             Requested size: 126.71307pt x 125.74948pt.
 <./movie-water-md/water.00013.png> <a0,fr13>
<movie-water-md/water.00014.png, id=101, 126.7134pt x 125.7498pt>
File: movie-water-md/water.00014.png Graphic file (type png)
<use movie-water-md/water.00014.png>
Package pdftex.def Info: movie-water-md/water.00014.png  used on input line 11.

(pdftex.def)             Requested size: 126.71307pt x 125.74948pt.
 <./movie-water-md/water.00014.png> <a0,fr14>
<movie-water-md/water.00015.png, id=104, 126.7134pt x 125.7498pt>
File: movie-water-md/water.00015.png Graphic file (type png)
<use movie-water-md/water.00015.png>
Package pdftex.def Info: movie-water-md/water.00015.png  used on input line 11.

(pdftex.def)             Requested size: 126.71307pt x 125.74948pt.
 <./movie-water-md/water.00015.png>
<a0,fr15>
<movie-water-md/water.00016.png, id=107, 126.7134pt x 125.7498pt>
File: movie-water-md/water.00016.png Graphic file (type png)
<use movie-water-md/water.00016.png>
Package pdftex.def Info: movie-water-md/water.00016.png  used on input line 11.

(pdftex.def)             Requested size: 126.71307pt x 125.74948pt.
 <./movie-water-md/water.00016.png> <a0,fr16>
<movie-water-md/water.00017.png, id=110, 126.7134pt x 125.7498pt>
File: movie-water-md/water.00017.png Graphic file (type png)
<use movie-water-md/water.00017.png>
Package pdftex.def Info: movie-water-md/water.00017.png  used on input line 11.

(pdftex.def)             Requested size: 126.71307pt x 125.74948pt.
 <./movie-water-md/water.00017.png> <a0,fr17>
<movie-water-md/water.00018.png, id=113, 126.7134pt x 125.7498pt>
File: movie-water-md/water.00018.png Graphic file (type png)
<use movie-water-md/water.00018.png>
Package pdftex.def Info: movie-water-md/water.00018.png  used on input line 11.

(pdftex.def)             Requested size: 126.71307pt x 125.74948pt.
 <./movie-water-md/water.00018.png> <a0,fr18>
<movie-water-md/water.00019.png, id=116, 126.7134pt x 125.7498pt>
File: movie-water-md/water.00019.png Graphic file (type png)
<use movie-water-md/water.00019.png>
Package pdftex.def Info: movie-water-md/water.00019.png  used on input line 11.

(pdftex.def)             Requested size: 126.71307pt x 125.74948pt.
 <./movie-water-md/water.00019.png> <a0,fr19>
<movie-water-md/water.00020.png, id=119, 126.7134pt x 125.7498pt>
File: movie-water-md/water.00020.png Graphic file (type png)
<use movie-water-md/water.00020.png>
Package pdftex.def Info: movie-water-md/water.00020.png  used on input line 11.

(pdftex.def)             Requested size: 126.71307pt x 125.74948pt.
 <./movie-water-md/water.00020.png> <a0,fr20>
<movie-water-md/water.00021.png, id=122, 126.7134pt x 125.7498pt>
File: movie-water-md/water.00021.png Graphic file (type png)
<use movie-water-md/water.00021.png>
Package pdftex.def Info: movie-water-md/water.00021.png  used on input line 11.

(pdftex.def)             Requested size: 126.71307pt x 125.74948pt.
 <./movie-water-md/water.00021.png> <a0,fr21>
<movie-water-md/water.00022.png, id=125, 126.7134pt x 125.7498pt>
File: movie-water-md/water.00022.png Graphic file (type png)
<use movie-water-md/water.00022.png>
Package pdftex.def Info: movie-water-md/water.00022.png  used on input line 11.

(pdftex.def)             Requested size: 126.71307pt x 125.74948pt.
 <./movie-water-md/water.00022.png>
<a0,fr22>
<movie-water-md/water.00023.png, id=128, 126.7134pt x 125.7498pt>
File: movie-water-md/water.00023.png Graphic file (type png)
<use movie-water-md/water.00023.png>
Package pdftex.def Info: movie-water-md/water.00023.png  used on input line 11.

(pdftex.def)             Requested size: 126.71307pt x 125.74948pt.
 <./movie-water-md/water.00023.png> <a0,fr23>
<movie-water-md/water.00024.png, id=131, 126.7134pt x 125.7498pt>
File: movie-water-md/water.00024.png Graphic file (type png)
<use movie-water-md/water.00024.png>
Package pdftex.def Info: movie-water-md/water.00024.png  used on input line 11.

(pdftex.def)             Requested size: 126.71307pt x 125.74948pt.
 <./movie-water-md/water.00024.png> <a0,fr24>
<movie-water-md/water.00025.png, id=134, 126.7134pt x 125.7498pt>
File: movie-water-md/water.00025.png Graphic file (type png)
<use movie-water-md/water.00025.png>
Package pdftex.def Info: movie-water-md/water.00025.png  used on input line 11.

(pdftex.def)             Requested size: 126.71307pt x 125.74948pt.
 <./movie-water-md/water.00025.png> <a0,fr25>
<movie-water-md/water.00026.png, id=137, 126.7134pt x 125.7498pt>
File: movie-water-md/water.00026.png Graphic file (type png)
<use movie-water-md/water.00026.png>
Package pdftex.def Info: movie-water-md/water.00026.png  used on input line 11.

(pdftex.def)             Requested size: 126.71307pt x 125.74948pt.
 <./movie-water-md/water.00026.png> <a0,fr26>
<movie-water-md/water.00027.png, id=140, 126.7134pt x 125.7498pt>
File: movie-water-md/water.00027.png Graphic file (type png)
<use movie-water-md/water.00027.png>
Package pdftex.def Info: movie-water-md/water.00027.png  used on input line 11.

(pdftex.def)             Requested size: 126.71307pt x 125.74948pt.
 <./movie-water-md/water.00027.png> <a0,fr27>
<movie-water-md/water.00028.png, id=143, 126.7134pt x 125.7498pt>
File: movie-water-md/water.00028.png Graphic file (type png)
<use movie-water-md/water.00028.png>
Package pdftex.def Info: movie-water-md/water.00028.png  used on input line 11.

(pdftex.def)             Requested size: 126.71307pt x 125.74948pt.
 <./movie-water-md/water.00028.png> <a0,fr28>
<movie-water-md/water.00029.png, id=146, 126.7134pt x 125.7498pt>
File: movie-water-md/water.00029.png Graphic file (type png)
<use movie-water-md/water.00029.png>
Package pdftex.def Info: movie-water-md/water.00029.png  used on input line 11.

(pdftex.def)             Requested size: 126.71307pt x 125.74948pt.
 <./movie-water-md/water.00029.png>
<a0,fr29>
<movie-water-md/water.00030.png, id=149, 126.7134pt x 125.7498pt>
File: movie-water-md/water.00030.png Graphic file (type png)
<use movie-water-md/water.00030.png>
Package pdftex.def Info: movie-water-md/water.00030.png  used on input line 11.

(pdftex.def)             Requested size: 126.71307pt x 125.74948pt.
 <./movie-water-md/water.00030.png> <a0,fr30>
<movie-water-md/water.00031.png, id=152, 126.7134pt x 125.7498pt>
File: movie-water-md/water.00031.png Graphic file (type png)
<use movie-water-md/water.00031.png>
Package pdftex.def Info: movie-water-md/water.00031.png  used on input line 11.

(pdftex.def)             Requested size: 126.71307pt x 125.74948pt.
 <./movie-water-md/water.00031.png> <a0,fr31>
<movie-water-md/water.00032.png, id=155, 126.7134pt x 125.7498pt>
File: movie-water-md/water.00032.png Graphic file (type png)
<use movie-water-md/water.00032.png>
Package pdftex.def Info: movie-water-md/water.00032.png  used on input line 11.

(pdftex.def)             Requested size: 126.71307pt x 125.74948pt.
 <./movie-water-md/water.00032.png> <a0,fr32>
<movie-water-md/water.00033.png, id=158, 126.7134pt x 125.7498pt>
File: movie-water-md/water.00033.png Graphic file (type png)
<use movie-water-md/water.00033.png>
Package pdftex.def Info: movie-water-md/water.00033.png  used on input line 11.

(pdftex.def)             Requested size: 126.71307pt x 125.74948pt.
 <./movie-water-md/water.00033.png> <a0,fr33>
<movie-water-md/water.00034.png, id=161, 126.7134pt x 125.7498pt>
File: movie-water-md/water.00034.png Graphic file (type png)
<use movie-water-md/water.00034.png>
Package pdftex.def Info: movie-water-md/water.00034.png  used on input line 11.

(pdftex.def)             Requested size: 126.71307pt x 125.74948pt.
 <./movie-water-md/water.00034.png> <a0,fr34>
<movie-water-md/water.00035.png, id=164, 126.7134pt x 125.7498pt>
File: movie-water-md/water.00035.png Graphic file (type png)
<use movie-water-md/water.00035.png>
Package pdftex.def Info: movie-water-md/water.00035.png  used on input line 11.

(pdftex.def)             Requested size: 126.71307pt x 125.74948pt.
 <./movie-water-md/water.00035.png> <a0,fr35>
<movie-water-md/water.00036.png, id=167, 126.7134pt x 125.7498pt>
File: movie-water-md/water.00036.png Graphic file (type png)
<use movie-water-md/water.00036.png>
Package pdftex.def Info: movie-water-md/water.00036.png  used on input line 11.

(pdftex.def)             Requested size: 126.71307pt x 125.74948pt.
 <./movie-water-md/water.00036.png>
<a0,fr36>
<movie-water-md/water.00037.png, id=170, 126.7134pt x 125.7498pt>
File: movie-water-md/water.00037.png Graphic file (type png)
<use movie-water-md/water.00037.png>
Package pdftex.def Info: movie-water-md/water.00037.png  used on input line 11.

(pdftex.def)             Requested size: 126.71307pt x 125.74948pt.
 <./movie-water-md/water.00037.png> <a0,fr37>
<movie-water-md/water.00038.png, id=173, 126.7134pt x 125.7498pt>
File: movie-water-md/water.00038.png Graphic file (type png)
<use movie-water-md/water.00038.png>
Package pdftex.def Info: movie-water-md/water.00038.png  used on input line 11.

(pdftex.def)             Requested size: 126.71307pt x 125.74948pt.
 <./movie-water-md/water.00038.png> <a0,fr38>
<movie-water-md/water.00039.png, id=176, 126.7134pt x 125.7498pt>
File: movie-water-md/water.00039.png Graphic file (type png)
<use movie-water-md/water.00039.png>
Package pdftex.def Info: movie-water-md/water.00039.png  used on input line 11.

(pdftex.def)             Requested size: 126.71307pt x 125.74948pt.
 <./movie-water-md/water.00039.png> <a0,fr39>
<movie-water-md/water.00040.png, id=179, 126.7134pt x 125.7498pt>
File: movie-water-md/water.00040.png Graphic file (type png)
<use movie-water-md/water.00040.png>
Package pdftex.def Info: movie-water-md/water.00040.png  used on input line 11.

(pdftex.def)             Requested size: 126.71307pt x 125.74948pt.
 <./movie-water-md/water.00040.png> <a0,fr40>
<movie-water-md/water.00041.png, id=182, 126.7134pt x 125.7498pt>
File: movie-water-md/water.00041.png Graphic file (type png)
<use movie-water-md/water.00041.png>
Package pdftex.def Info: movie-water-md/water.00041.png  used on input line 11.

(pdftex.def)             Requested size: 126.71307pt x 125.74948pt.
 <./movie-water-md/water.00041.png> <a0,fr41>
<movie-water-md/water.00042.png, id=185, 126.7134pt x 125.7498pt>
File: movie-water-md/water.00042.png Graphic file (type png)
<use movie-water-md/water.00042.png>
Package pdftex.def Info: movie-water-md/water.00042.png  used on input line 11.

(pdftex.def)             Requested size: 126.71307pt x 125.74948pt.
 <./movie-water-md/water.00042.png> <a0,fr42>
<movie-water-md/water.00043.png, id=188, 126.7134pt x 125.7498pt>
File: movie-water-md/water.00043.png Graphic file (type png)
<use movie-water-md/water.00043.png>
Package pdftex.def Info: movie-water-md/water.00043.png  used on input line 11.

(pdftex.def)             Requested size: 126.71307pt x 125.74948pt.
 <./movie-water-md/water.00043.png>
<a0,fr43>
<movie-water-md/water.00044.png, id=191, 126.7134pt x 125.7498pt>
File: movie-water-md/water.00044.png Graphic file (type png)
<use movie-water-md/water.00044.png>
Package pdftex.def Info: movie-water-md/water.00044.png  used on input line 11.

(pdftex.def)             Requested size: 126.71307pt x 125.74948pt.
 <./movie-water-md/water.00044.png> <a0,fr44>
<movie-water-md/water.00045.png, id=194, 126.7134pt x 125.7498pt>
File: movie-water-md/water.00045.png Graphic file (type png)
<use movie-water-md/water.00045.png>
Package pdftex.def Info: movie-water-md/water.00045.png  used on input line 11.

(pdftex.def)             Requested size: 126.71307pt x 125.74948pt.
 <./movie-water-md/water.00045.png> <a0,fr45>
<movie-water-md/water.00046.png, id=197, 126.7134pt x 125.7498pt>
File: movie-water-md/water.00046.png Graphic file (type png)
<use movie-water-md/water.00046.png>
Package pdftex.def Info: movie-water-md/water.00046.png  used on input line 11.

(pdftex.def)             Requested size: 126.71307pt x 125.74948pt.
 <./movie-water-md/water.00046.png> <a0,fr46>
<movie-water-md/water.00047.png, id=200, 126.7134pt x 125.7498pt>
File: movie-water-md/water.00047.png Graphic file (type png)
<use movie-water-md/water.00047.png>
Package pdftex.def Info: movie-water-md/water.00047.png  used on input line 11.

(pdftex.def)             Requested size: 126.71307pt x 125.74948pt.
 <./movie-water-md/water.00047.png> <a0,fr47>
<movie-water-md/water.00048.png, id=203, 126.7134pt x 125.7498pt>
File: movie-water-md/water.00048.png Graphic file (type png)
<use movie-water-md/water.00048.png>
Package pdftex.def Info: movie-water-md/water.00048.png  used on input line 11.

(pdftex.def)             Requested size: 126.71307pt x 125.74948pt.
 <./movie-water-md/water.00048.png> <a0,fr48>
<movie-water-md/water.00049.png, id=206, 126.7134pt x 125.7498pt>
File: movie-water-md/water.00049.png Graphic file (type png)
<use movie-water-md/water.00049.png>
Package pdftex.def Info: movie-water-md/water.00049.png  used on input line 11.

(pdftex.def)             Requested size: 126.71307pt x 125.74948pt.
 <./movie-water-md/water.00049.png> <a0,fr49>
<movie-water-md/water.00050.png, id=209, 126.7134pt x 125.7498pt>
File: movie-water-md/water.00050.png Graphic file (type png)
<use movie-water-md/water.00050.png>
Package pdftex.def Info: movie-water-md/water.00050.png  used on input line 11.

(pdftex.def)             Requested size: 126.71307pt x 125.74948pt.
 <./movie-water-md/water.00050.png>
<a0,fr50>
<movie-water-md/water.00051.png, id=212, 126.7134pt x 125.7498pt>
File: movie-water-md/water.00051.png Graphic file (type png)
<use movie-water-md/water.00051.png>
Package pdftex.def Info: movie-water-md/water.00051.png  used on input line 11.

(pdftex.def)             Requested size: 126.71307pt x 125.74948pt.
 <./movie-water-md/water.00051.png> <a0,fr51>
<movie-water-md/water.00052.png, id=215, 126.7134pt x 125.7498pt>
File: movie-water-md/water.00052.png Graphic file (type png)
<use movie-water-md/water.00052.png>
Package pdftex.def Info: movie-water-md/water.00052.png  used on input line 11.

(pdftex.def)             Requested size: 126.71307pt x 125.74948pt.
 <./movie-water-md/water.00052.png> <a0,fr52>
<movie-water-md/water.00053.png, id=218, 126.7134pt x 125.7498pt>
File: movie-water-md/water.00053.png Graphic file (type png)
<use movie-water-md/water.00053.png>
Package pdftex.def Info: movie-water-md/water.00053.png  used on input line 11.

(pdftex.def)             Requested size: 126.71307pt x 125.74948pt.
 <./movie-water-md/water.00053.png> <a0,fr53>
<movie-water-md/water.00054.png, id=221, 126.7134pt x 125.7498pt>
File: movie-water-md/water.00054.png Graphic file (type png)
<use movie-water-md/water.00054.png>
Package pdftex.def Info: movie-water-md/water.00054.png  used on input line 11.

(pdftex.def)             Requested size: 126.71307pt x 125.74948pt.
 <./movie-water-md/water.00054.png> <a0,fr54>
<movie-water-md/water.00055.png, id=224, 126.7134pt x 125.7498pt>
File: movie-water-md/water.00055.png Graphic file (type png)
<use movie-water-md/water.00055.png>
Package pdftex.def Info: movie-water-md/water.00055.png  used on input line 11.

(pdftex.def)             Requested size: 126.71307pt x 125.74948pt.
 <./movie-water-md/water.00055.png> <a0,fr55>
<movie-water-md/water.00056.png, id=227, 126.7134pt x 125.7498pt>
File: movie-water-md/water.00056.png Graphic file (type png)
<use movie-water-md/water.00056.png>
Package pdftex.def Info: movie-water-md/water.00056.png  used on input line 11.

(pdftex.def)             Requested size: 126.71307pt x 125.74948pt.
 <./movie-water-md/water.00056.png> <a0,fr56>
<movie-water-md/water.00057.png, id=230, 126.7134pt x 125.7498pt>
File: movie-water-md/water.00057.png Graphic file (type png)
<use movie-water-md/water.00057.png>
Package pdftex.def Info: movie-water-md/water.00057.png  used on input line 11.

(pdftex.def)             Requested size: 126.71307pt x 125.74948pt.
 <./movie-water-md/water.00057.png>
<a0,fr57>
<movie-water-md/water.00058.png, id=233, 126.7134pt x 125.7498pt>
File: movie-water-md/water.00058.png Graphic file (type png)
<use movie-water-md/water.00058.png>
Package pdftex.def Info: movie-water-md/water.00058.png  used on input line 11.

(pdftex.def)             Requested size: 126.71307pt x 125.74948pt.
 <./movie-water-md/water.00058.png> <a0,fr58>
<movie-water-md/water.00059.png, id=236, 126.7134pt x 125.7498pt>
File: movie-water-md/water.00059.png Graphic file (type png)
<use movie-water-md/water.00059.png>
Package pdftex.def Info: movie-water-md/water.00059.png  used on input line 11.

(pdftex.def)             Requested size: 126.71307pt x 125.74948pt.
 <./movie-water-md/water.00059.png> <a0,fr59>
<movie-water-md/water.00060.png, id=239, 126.7134pt x 125.7498pt>
File: movie-water-md/water.00060.png Graphic file (type png)
<use movie-water-md/water.00060.png>
Package pdftex.def Info: movie-water-md/water.00060.png  used on input line 11.

(pdftex.def)             Requested size: 126.71307pt x 125.74948pt.
 <./movie-water-md/water.00060.png> <a0,fr60>
<movie-water-md/water.00061.png, id=242, 126.7134pt x 125.7498pt>
File: movie-water-md/water.00061.png Graphic file (type png)
<use movie-water-md/water.00061.png>
Package pdftex.def Info: movie-water-md/water.00061.png  used on input line 11.

(pdftex.def)             Requested size: 126.71307pt x 125.74948pt.
 <./movie-water-md/water.00061.png> <a0,fr61>
<movie-water-md/water.00062.png, id=245, 126.7134pt x 125.7498pt>
File: movie-water-md/water.00062.png Graphic file (type png)
<use movie-water-md/water.00062.png>
Package pdftex.def Info: movie-water-md/water.00062.png  used on input line 11.

(pdftex.def)             Requested size: 126.71307pt x 125.74948pt.
 <./movie-water-md/water.00062.png> <a0,fr62>
<movie-water-md/water.00063.png, id=248, 126.7134pt x 125.7498pt>
File: movie-water-md/water.00063.png Graphic file (type png)
<use movie-water-md/water.00063.png>
Package pdftex.def Info: movie-water-md/water.00063.png  used on input line 11.

(pdftex.def)             Requested size: 126.71307pt x 125.74948pt.
 <./movie-water-md/water.00063.png> <a0,fr63>
<movie-water-md/water.00064.png, id=251, 126.7134pt x 125.7498pt>
File: movie-water-md/water.00064.png Graphic file (type png)
<use movie-water-md/water.00064.png>
Package pdftex.def Info: movie-water-md/water.00064.png  used on input line 11.

(pdftex.def)             Requested size: 126.71307pt x 125.74948pt.
 <./movie-water-md/water.00064.png>
<a0,fr64>
<movie-water-md/water.00065.png, id=254, 126.7134pt x 125.7498pt>
File: movie-water-md/water.00065.png Graphic file (type png)
<use movie-water-md/water.00065.png>
Package pdftex.def Info: movie-water-md/water.00065.png  used on input line 11.

(pdftex.def)             Requested size: 126.71307pt x 125.74948pt.
 <./movie-water-md/water.00065.png> <a0,fr65>
<movie-water-md/water.00066.png, id=257, 126.7134pt x 125.7498pt>
File: movie-water-md/water.00066.png Graphic file (type png)
<use movie-water-md/water.00066.png>
Package pdftex.def Info: movie-water-md/water.00066.png  used on input line 11.

(pdftex.def)             Requested size: 126.71307pt x 125.74948pt.
 <./movie-water-md/water.00066.png> <a0,fr66>
<movie-water-md/water.00067.png, id=260, 126.7134pt x 125.7498pt>
File: movie-water-md/water.00067.png Graphic file (type png)
<use movie-water-md/water.00067.png>
Package pdftex.def Info: movie-water-md/water.00067.png  used on input line 11.

(pdftex.def)             Requested size: 126.71307pt x 125.74948pt.
 <./movie-water-md/water.00067.png> <a0,fr67>
<movie-water-md/water.00068.png, id=263, 126.7134pt x 125.7498pt>
File: movie-water-md/water.00068.png Graphic file (type png)
<use movie-water-md/water.00068.png>
Package pdftex.def Info: movie-water-md/water.00068.png  used on input line 11.

(pdftex.def)             Requested size: 126.71307pt x 125.74948pt.
 <./movie-water-md/water.00068.png> <a0,fr68>
<movie-water-md/water.00069.png, id=266, 126.7134pt x 125.7498pt>
File: movie-water-md/water.00069.png Graphic file (type png)
<use movie-water-md/water.00069.png>
Package pdftex.def Info: movie-water-md/water.00069.png  used on input line 11.

(pdftex.def)             Requested size: 126.71307pt x 125.74948pt.
 <./movie-water-md/water.00069.png> <a0,fr69>
<movie-water-md/water.00070.png, id=269, 126.7134pt x 125.7498pt>
File: movie-water-md/water.00070.png Graphic file (type png)
<use movie-water-md/water.00070.png>
Package pdftex.def Info: movie-water-md/water.00070.png  used on input line 11.

(pdftex.def)             Requested size: 126.71307pt x 125.74948pt.
 <./movie-water-md/water.00070.png> <a0,fr70>
<movie-water-md/water.00071.png, id=272, 126.7134pt x 125.7498pt>
File: movie-water-md/water.00071.png Graphic file (type png)
<use movie-water-md/water.00071.png>
Package pdftex.def Info: movie-water-md/water.00071.png  used on input line 11.

(pdftex.def)             Requested size: 126.71307pt x 125.74948pt.
 <./movie-water-md/water.00071.png>
<a0,fr71>
<movie-water-md/water.00072.png, id=276, 126.7134pt x 125.7498pt>
File: movie-water-md/water.00072.png Graphic file (type png)
<use movie-water-md/water.00072.png>
Package pdftex.def Info: movie-water-md/water.00072.png  used on input line 11.

(pdftex.def)             Requested size: 126.71307pt x 125.74948pt.
 <./movie-water-md/water.00072.png> <a0,fr72>
<movie-water-md/water.00073.png, id=279, 126.7134pt x 125.7498pt>
File: movie-water-md/water.00073.png Graphic file (type png)
<use movie-water-md/water.00073.png>
Package pdftex.def Info: movie-water-md/water.00073.png  used on input line 11.

(pdftex.def)             Requested size: 126.71307pt x 125.74948pt.
 <./movie-water-md/water.00073.png> <a0,fr73>
<movie-water-md/water.00074.png, id=282, 126.7134pt x 125.7498pt>
File: movie-water-md/water.00074.png Graphic file (type png)
<use movie-water-md/water.00074.png>
Package pdftex.def Info: movie-water-md/water.00074.png  used on input line 11.

(pdftex.def)             Requested size: 126.71307pt x 125.74948pt.
 <./movie-water-md/water.00074.png> <a0,fr74>
<movie-water-md/water.00075.png, id=285, 126.7134pt x 125.7498pt>
File: movie-water-md/water.00075.png Graphic file (type png)
<use movie-water-md/water.00075.png>
Package pdftex.def Info: movie-water-md/water.00075.png  used on input line 11.

(pdftex.def)             Requested size: 126.71307pt x 125.74948pt.
 <./movie-water-md/water.00075.png> <a0,fr75>
<movie-water-md/water.00076.png, id=288, 126.7134pt x 125.7498pt>
File: movie-water-md/water.00076.png Graphic file (type png)
<use movie-water-md/water.00076.png>
Package pdftex.def Info: movie-water-md/water.00076.png  used on input line 11.

(pdftex.def)             Requested size: 126.71307pt x 125.74948pt.
 <./movie-water-md/water.00076.png> <a0,fr76>
<movie-water-md/water.00077.png, id=291, 126.7134pt x 125.7498pt>
File: movie-water-md/water.00077.png Graphic file (type png)
<use movie-water-md/water.00077.png>
Package pdftex.def Info: movie-water-md/water.00077.png  used on input line 11.

(pdftex.def)             Requested size: 126.71307pt x 125.74948pt.
 <./movie-water-md/water.00077.png> <a0,fr77>
<movie-water-md/water.00078.png, id=294, 126.7134pt x 125.7498pt>
File: movie-water-md/water.00078.png Graphic file (type png)
<use movie-water-md/water.00078.png>
Package pdftex.def Info: movie-water-md/water.00078.png  used on input line 11.

(pdftex.def)             Requested size: 126.71307pt x 125.74948pt.
 <./movie-water-md/water.00078.png>
<a0,fr78>
<movie-water-md/water.00079.png, id=297, 126.7134pt x 125.7498pt>
File: movie-water-md/water.00079.png Graphic file (type png)
<use movie-water-md/water.00079.png>
Package pdftex.def Info: movie-water-md/water.00079.png  used on input line 11.

(pdftex.def)             Requested size: 126.71307pt x 125.74948pt.
 <./movie-water-md/water.00079.png> <a0,fr79>
<movie-water-md/water.00080.png, id=300, 126.7134pt x 125.7498pt>
File: movie-water-md/water.00080.png Graphic file (type png)
<use movie-water-md/water.00080.png>
Package pdftex.def Info: movie-water-md/water.00080.png  used on input line 11.

(pdftex.def)             Requested size: 126.71307pt x 125.74948pt.
 <./movie-water-md/water.00080.png> <a0,fr80>
<movie-water-md/water.00081.png, id=303, 126.7134pt x 125.7498pt>
File: movie-water-md/water.00081.png Graphic file (type png)
<use movie-water-md/water.00081.png>
Package pdftex.def Info: movie-water-md/water.00081.png  used on input line 11.

(pdftex.def)             Requested size: 126.71307pt x 125.74948pt.
 <./movie-water-md/water.00081.png> <a0,fr81>
<movie-water-md/water.00082.png, id=306, 126.7134pt x 125.7498pt>
File: movie-water-md/water.00082.png Graphic file (type png)
<use movie-water-md/water.00082.png>
Package pdftex.def Info: movie-water-md/water.00082.png  used on input line 11.

(pdftex.def)             Requested size: 126.71307pt x 125.74948pt.
 <./movie-water-md/water.00082.png> <a0,fr82>
<movie-water-md/water.00083.png, id=309, 126.7134pt x 125.7498pt>
File: movie-water-md/water.00083.png Graphic file (type png)
<use movie-water-md/water.00083.png>
Package pdftex.def Info: movie-water-md/water.00083.png  used on input line 11.

(pdftex.def)             Requested size: 126.71307pt x 125.74948pt.
 <./movie-water-md/water.00083.png> <a0,fr83>
<movie-water-md/water.00084.png, id=312, 126.7134pt x 125.7498pt>
File: movie-water-md/water.00084.png Graphic file (type png)
<use movie-water-md/water.00084.png>
Package pdftex.def Info: movie-water-md/water.00084.png  used on input line 11.

(pdftex.def)             Requested size: 126.71307pt x 125.74948pt.
 <./movie-water-md/water.00084.png> <a0,fr84>
<movie-water-md/water.00085.png, id=315, 126.7134pt x 125.7498pt>
File: movie-water-md/water.00085.png Graphic file (type png)
<use movie-water-md/water.00085.png>
Package pdftex.def Info: movie-water-md/water.00085.png  used on input line 11.

(pdftex.def)             Requested size: 126.71307pt x 125.74948pt.
 <./movie-water-md/water.00085.png>
<a0,fr85>
<movie-water-md/water.00086.png, id=318, 126.7134pt x 125.7498pt>
File: movie-water-md/water.00086.png Graphic file (type png)
<use movie-water-md/water.00086.png>
Package pdftex.def Info: movie-water-md/water.00086.png  used on input line 11.

(pdftex.def)             Requested size: 126.71307pt x 125.74948pt.
 <./movie-water-md/water.00086.png> <a0,fr86>
<movie-water-md/water.00087.png, id=321, 126.7134pt x 125.7498pt>
File: movie-water-md/water.00087.png Graphic file (type png)
<use movie-water-md/water.00087.png>
Package pdftex.def Info: movie-water-md/water.00087.png  used on input line 11.

(pdftex.def)             Requested size: 126.71307pt x 125.74948pt.
 <./movie-water-md/water.00087.png> <a0,fr87>
<movie-water-md/water.00088.png, id=324, 126.7134pt x 125.7498pt>
File: movie-water-md/water.00088.png Graphic file (type png)
<use movie-water-md/water.00088.png>
Package pdftex.def Info: movie-water-md/water.00088.png  used on input line 11.

(pdftex.def)             Requested size: 126.71307pt x 125.74948pt.
 <./movie-water-md/water.00088.png> <a0,fr88>
<movie-water-md/water.00089.png, id=327, 126.7134pt x 125.7498pt>
File: movie-water-md/water.00089.png Graphic file (type png)
<use movie-water-md/water.00089.png>
Package pdftex.def Info: movie-water-md/water.00089.png  used on input line 11.

(pdftex.def)             Requested size: 126.71307pt x 125.74948pt.
 <./movie-water-md/water.00089.png> <a0,fr89>
<movie-water-md/water.00090.png, id=330, 126.7134pt x 125.7498pt>
File: movie-water-md/water.00090.png Graphic file (type png)
<use movie-water-md/water.00090.png>
Package pdftex.def Info: movie-water-md/water.00090.png  used on input line 11.

(pdftex.def)             Requested size: 126.71307pt x 125.74948pt.
 <./movie-water-md/water.00090.png> <a0,fr90>
Overfull \hbox (8.35822pt too wide) in paragraph at lines 11--11
[][]  
 []

[4

 <./water-pic.jpg>]) [5

] (./frame_md.tex
\openout4 = `lecture1.vrb'.

 (./lecture1.vrb) [6

])
(./frame_motiv1.tex
\openout4 = `lecture1.vrb'.

 (./lecture1.vrb
Package epstopdf Info: Source file: <time_vs_length.eps>
(epstopdf)                    date: 2024-01-14 14:44:00
(epstopdf)                    size: 34969 bytes
(epstopdf)             Output file: <time_vs_length-eps-converted-to.pdf>
(epstopdf)                    date: 2024-01-14 14:44:00
(epstopdf)                    size: 17824 bytes
(epstopdf)             Command: <repstopdf --outfile=time_vs_length-eps-convert
ed-to.pdf time_vs_length.eps>
(epstopdf)             \includegraphics on input line 4.
Package epstopdf Info: Output file is already uptodate.
<time_vs_length-eps-converted-to.pdf, id=476, 722.7pt x 505.89pt>
File: time_vs_length-eps-converted-to.pdf Graphic file (type pdf)
<use time_vs_length-eps-converted-to.pdf>
Package pdftex.def Info: time_vs_length-eps-converted-to.pdf  used on input lin
e 4.
(pdftex.def)             Requested size: 299.6095pt x 209.72429pt.
) [7

 <./time_vs_length-eps-converted-to.pdf>]) (./frame_essential_problem.tex
<hmmdfig-crop.png, id=492, 856.19875pt x 980.66376pt>
File: hmmdfig-crop.png Graphic file (type png)
<use hmmdfig-crop.png>
Package pdftex.def Info: hmmdfig-crop.png  used on input line 14.
(pdftex.def)             Requested size: 184.3758pt x 211.1678pt.

Overfull \vbox (31.78883pt too high) detected at line 14
 []

[8

 <./hmmdfig-crop.png>]) [9

] [10

]
\openout4 = `lecture1.vrb'.

 (./lecture1.vrb
LaTeX Font Info:    Trying to load font information for TS1+cmss on input line 
3.

(/usr/share/texlive/texmf-dist/tex/latex/base/ts1cmss.fd
File: ts1cmss.fd 2019/12/16 v2.5j Standard LaTeX font definitions
)) [11

]
\tf@nav=\write6
\openout6 = `lecture1.nav'.

\tf@toc=\write7
\openout7 = `lecture1.toc'.

\tf@snm=\write8
\openout8 = `lecture1.snm'.

 (./lecture1.aux)
Package rerunfilecheck Info: File `lecture1.out' has not changed.
(rerunfilecheck)             Checksum: BF2DC71266E8E6D926D601820F8A3467;491.
 ) 
Here is how much of TeX's memory you used:
 31109 strings out of 478287
 661967 string characters out of 5849289
 886029 words of memory out of 5000000
 48496 multiletter control sequences out of 15000+600000
 481182 words of font info for 71 fonts, out of 8000000 for 9000
 1141 hyphenation exceptions out of 8191
 128i,13n,122p,1842b,897s stack positions out of 5000i,500n,10000p,200000b,80000s
{/usr/share/texmf/fonts/enc/dvips/cm-super/cm-super-ts1.enc}</usr/share/texli
ve/texmf-dist/fonts/type1/public/amsfonts/cm/cmex10.pfb></usr/share/texlive/tex
mf-dist/fonts/type1/public/amsfonts/cm/cmmi10.pfb></usr/share/texlive/texmf-dis
t/fonts/type1/public/amsfonts/cm/cmmi5.pfb></usr/share/texlive/texmf-dist/fonts
/type1/public/amsfonts/cm/cmmi7.pfb></usr/share/texlive/texmf-dist/fonts/type1/
public/amsfonts/cm/cmmib10.pfb></usr/share/texlive/texmf-dist/fonts/type1/publi
c/amsfonts/cm/cmr10.pfb></usr/share/texlive/texmf-dist/fonts/type1/public/amsfo
nts/cm/cmr6.pfb></usr/share/texlive/texmf-dist/fonts/type1/public/amsfonts/cm/c
mr7.pfb></usr/share/texlive/texmf-dist/fonts/type1/public/amsfonts/cm/cmss10.pf
b></usr/share/texlive/texmf-dist/fonts/type1/public/amsfonts/cm/cmss8.pfb></usr
/share/texlive/texmf-dist/fonts/type1/public/amsfonts/cm/cmss9.pfb></usr/share/
texlive/texmf-dist/fonts/type1/public/amsfonts/cm/cmssbx10.pfb></usr/share/texl
ive/texmf-dist/fonts/type1/public/amsfonts/cm/cmssi10.pfb></usr/share/texlive/t
exmf-dist/fonts/type1/public/amsfonts/cm/cmsy10.pfb></usr/share/texlive/texmf-d
ist/fonts/type1/public/amsfonts/cm/cmsy7.pfb></usr/share/texmf/fonts/type1/publ
ic/cm-super/sfss0900.pfb></usr/share/texmf/fonts/type1/public/cm-super/sfss1000
.pfb>
Output written on lecture1.pdf (11 pages, 21088493 bytes).
PDF statistics:
 612 PDF objects out of 1000 (max. 8388607)
 351 compressed objects within 4 object streams
 27 named destinations out of 1000 (max. 500000)
 1158 words of extra memory for PDF output out of 10000 (max. 10000000)

